#! /c/Source/iverilog-install/bin/vvp
:ivl_version "12.0 (devel)" "(s20150603-1539-g2693dd32b)";
:ivl_delay_selection "TYPICAL";
:vpi_time_precision + 0;
:vpi_module "C:\iverilog\lib\ivl\system.vpi";
:vpi_module "C:\iverilog\lib\ivl\vhdl_sys.vpi";
:vpi_module "C:\iverilog\lib\ivl\vhdl_textio.vpi";
:vpi_module "C:\iverilog\lib\ivl\v2005_math.vpi";
:vpi_module "C:\iverilog\lib\ivl\va_math.vpi";
S_0000016a1e482830 .scope module, "my_design" "my_design" 2 1;
 .timescale 0 0;
v0000016a1e4829c0_0 .var/i "i", 31 0;
    .scope S_0000016a1e482830;
T_0 ;
    %pushi/vec4 0, 0, 32;
    %store/vec4 v0000016a1e4829c0_0, 0, 32;
T_0.0 ;
    %load/vec4 v0000016a1e4829c0_0;
    %cmpi/s 10, 0, 32;
    %jmp/0xz T_0.1, 5;
    %vpi_call 2 7 "$display", "Current loop#%0d ", v0000016a1e4829c0_0 {0 0 0};
    %load/vec4 v0000016a1e4829c0_0;
    %addi 1, 0, 32;
    %store/vec4 v0000016a1e4829c0_0, 0, 32;
    %jmp T_0.0;
T_0.1 ;
    %end;
    .thread T_0;
# The file index is used to find the file name in the following table.
:file_names 3;
    "N/A";
    "<interactive>";
    "for_loop.v";
